#
# A fatal error has been detected by the Java Runtime Environment:
#
#  Internal Error (javaClasses.cpp:136), pid=1908, tid=13744
#  fatal error: Invalid layout of preloaded class
#
# JRE version:  (7.0_40-b43) (build )
# Java VM: Java HotSpot(TM) 64-Bit Server VM (24.0-b56 mixed mode windows-amd64 compressed oops)
# Failed to write core dump. Minidumps are not enabled by default on client versions of Windows
#
# If you would like to submit a bug report, please visit:
#   http://bugreport.sun.com/bugreport/crash.jsp
#

---------------  T H R E A D  ---------------

Current thread (0x0000000001fbe000):  JavaThread "Unknown thread" [_thread_in_vm, id=13744, stack(0x0000000002260000,0x0000000002360000)]

Stack: [0x0000000002260000,0x0000000002360000]

---------------  P R O C E S S  ---------------

Java Threads: ( => current thread )

Other Threads:

=>0x0000000001fbe000 (exited) JavaThread "Unknown thread" [_thread_in_vm, id=13744, stack(0x0000000002260000,0x0000000002360000)]

VM state:not at safepoint (not fully initialized)

VM Mutex/Monitor currently owned by a thread: None

GC Heap History (0 events):
No events

Deoptimization events (0 events):
No events

Internal exceptions (0 events):
No events

Events (10 events):
Event: 0.016 loading class 0x000000000203d110 done
Event: 0.016 loading class 0x000000000203cb30 done
Event: 0.016 loading class 0x000000000203cb10
Event: 0.016 loading class 0x0000000002044c10
Event: 0.016 loading class 0x0000000002044c10 done
Event: 0.016 loading class 0x0000000002044c40
Event: 0.016 loading class 0x0000000002044c40 done
Event: 0.016 loading class 0x0000000002044c70
Event: 0.016 loading class 0x0000000002044c70 done
Event: 0.016 loading class 0x000000000203cb10 done


Dynamic libraries:
0x000000013f4d0000 - 0x000000013f503000 	C:\Program Files\Java\jre7\bin\javaw.exe
0x0000000076d90000 - 0x0000000076f39000 	C:\Windows\SYSTEM32\ntdll.dll
0x00000000718b0000 - 0x00000000718fd000 	C:\Program Files\AVAST Software\Avast\snxhk64.dll
0x0000000076c70000 - 0x0000000076d8f000 	C:\Windows\system32\KERNEL32.dll
0x000007fefcef0000 - 0x000007fefcf5c000 	C:\Windows\system32\KERNELBASE.dll
0x000007fefd060000 - 0x000007fefd13b000 	C:\Windows\system32\ADVAPI32.dll
0x000007fefea20000 - 0x000007fefeabf000 	C:\Windows\system32\msvcrt.dll
0x000007fefd040000 - 0x000007fefd05f000 	C:\Windows\SYSTEM32\sechost.dll
0x000007fefd140000 - 0x000007fefd26d000 	C:\Windows\system32\RPCRT4.dll
0x0000000076b70000 - 0x0000000076c6a000 	C:\Windows\system32\USER32.dll
0x000007fefcfd0000 - 0x000007fefd037000 	C:\Windows\system32\GDI32.dll
0x000007fefe9e0000 - 0x000007fefe9ee000 	C:\Windows\system32\LPK.dll
0x000007fefe000000 - 0x000007fefe0c9000 	C:\Windows\system32\USP10.dll
0x000007fefb5d0000 - 0x000007fefb7c4000 	C:\Windows\WinSxS\amd64_microsoft.windows.common-controls_6595b64144ccf1df_6.0.7601.17514_none_fa396087175ac9ac\COMCTL32.dll
0x000007fefec40000 - 0x000007fefecb1000 	C:\Windows\system32\SHLWAPI.dll
0x000007fefe9f0000 - 0x000007fefea1e000 	C:\Windows\system32\IMM32.DLL
0x000007fefe8d0000 - 0x000007fefe9d9000 	C:\Windows\system32\MSCTF.dll
0x000000005c580000 - 0x000000005c651000 	C:\Program Files\Java\jre7\bin\msvcr100.dll
0x000000005a780000 - 0x000000005af49000 	C:\Program Files\Java\jre7\bin\server\jvm.dll
0x000007fef9310000 - 0x000007fef9319000 	C:\Windows\system32\WSOCK32.dll
0x000007fefcf80000 - 0x000007fefcfcd000 	C:\Windows\system32\WS2_32.dll
0x000007fefee80000 - 0x000007fefee88000 	C:\Windows\system32\NSI.dll
0x000007fef5790000 - 0x000007fef57cb000 	C:\Windows\system32\WINMM.dll
0x0000000076f50000 - 0x0000000076f57000 	C:\Windows\system32\PSAPI.DLL
0x0000000071b40000 - 0x0000000071b4f000 	C:\Program Files\Java\jre7\bin\verify.dll
0x000000006ed00000 - 0x000000006ed28000 	C:\Program Files\Java\jre7\bin\java.dll
0x0000000071940000 - 0x0000000071955000 	C:\Program Files\Java\jre7\bin\zip.dll

VM Arguments:
jvm_args: -Dfile.encoding=Cp1252 -Xbootclasspath:C:\Users\James\Desktop 2\Programming\Compilers and IDE's\Java Android\adt-bundle-windows-x86_64-20130917\sdk\platforms\android-19\android.jar 
java_command: com.example.savethatdish.Yelp
Launcher Type: SUN_STANDARD

Environment Variables:
PATH=C:\Program Files (x86)\ActiveState Komodo IDE 8\;C:\Program Files\Common Files\Microsoft Shared\Windows Live;C:\Program Files (x86)\Common Files\Microsoft Shared\Windows Live;C:\Windows\system32;C:\Windows;C:\Windows\System32\Wbem;C:\Windows\System32\WindowsPowerShell\v1.0\;C:\Program Files\Intel\WiFi\bin\;C:\Program Files\Common Files\Intel\WirelessCommon\;C:\Program Files (x86)\Windows Live\Shared;C:\Users\James\AppData\Local\Smartbar\Application\;C:\Program Files\MiKTeX 2.9\miktex\bin\x64\
USERNAME=James
OS=Windows_NT
PROCESSOR_IDENTIFIER=Intel64 Family 6 Model 42 Stepping 7, GenuineIntel



---------------  S Y S T E M  ---------------

OS: Windows 7 , 64 bit Build 7601 Service Pack 1

CPU:total 4 (2 cores per cpu, 2 threads per core) family 6 model 42 stepping 7, cmov, cx8, fxsr, mmx, sse, sse2, sse3, ssse3, sse4.1, sse4.2, popcnt, avx, aes, ht, tsc, tscinvbit

Memory: 4k page, physical 6183084k(904956k free), swap 12364304k(5188252k free)

vm_info: Java HotSpot(TM) 64-Bit Server VM (24.0-b56) for windows-amd64 JRE (1.7.0_40-b43), built on Aug 26 2013 22:38:32 by "java_re" with unknown MS VC++:1600

time: Wed May 21 01:16:38 2014
elapsed time: 0 seconds

